2026-05-26 20:18:28 [INFO] Sync started
INFO:root:Bookings synced: 1 rows
INFO:root:Members synced: 1 rows
2026-05-26 20:18:30 [INFO] Sync complete
2026-05-26 20:20:01 [INFO] Sync started
2026-05-26 20:20:01 [INFO] Sync started
INFO:root:Bookings synced: 1 rows
INFO:root:Bookings synced: 1 rows
INFO:root:Members synced: 1 rows
INFO:root:Members synced: 1 rows
2026-05-26 20:20:04 [INFO] Sync complete
2026-05-26 20:20:04 [INFO] Sync complete
2026-05-26 20:25:02 [INFO] Sync started
2026-05-26 20:25:02 [INFO] Sync started
INFO:root:Bookings synced: 1 rows
INFO:root:Bookings synced: 1 rows
INFO:root:Members synced: 1 rows
INFO:root:Members synced: 1 rows
2026-05-26 20:25:04 [INFO] Sync complete
2026-05-26 20:25:04 [INFO] Sync complete
2026-05-26 20:30:01 [INFO] Sync started
2026-05-26 20:30:01 [INFO] Sync started
INFO:root:Bookings synced: 1 rows
INFO:root:Bookings synced: 1 rows
INFO:root:Members synced: 1 rows
INFO:root:Members synced: 1 rows
2026-05-26 20:30:05 [INFO] Sync complete
2026-05-26 20:30:05 [INFO] Sync complete
2026-05-26 20:35:01 [INFO] Sync started
2026-05-26 20:35:01 [INFO] Sync started
INFO:root:Bookings synced: 1 rows
INFO:root:Bookings synced: 1 rows
INFO:root:Members synced: 1 rows
INFO:root:Members synced: 1 rows
2026-05-26 20:35:04 [INFO] Sync complete
2026-05-26 20:35:04 [INFO] Sync complete
2026-05-26 20:40:01 [INFO] Sync started
2026-05-26 20:40:01 [INFO] Sync started
INFO:root:Bookings synced: 1 rows
INFO:root:Bookings synced: 1 rows
INFO:root:Members synced: 1 rows
INFO:root:Members synced: 1 rows
2026-05-26 20:40:04 [INFO] Sync complete
2026-05-26 20:40:04 [INFO] Sync complete
2026-05-26 20:45:01 [INFO] Sync started
2026-05-26 20:45:01 [INFO] Sync started
INFO:root:Bookings synced: 1 rows
INFO:root:Bookings synced: 1 rows
INFO:root:Members synced: 1 rows
INFO:root:Members synced: 1 rows
2026-05-26 20:45:04 [INFO] Sync complete
2026-05-26 20:45:04 [INFO] Sync complete
2026-05-26 20:50:01 [INFO] Sync started
2026-05-26 20:50:01 [INFO] Sync started
INFO:root:Bookings synced: 1 rows
INFO:root:Bookings synced: 1 rows
INFO:root:Members synced: 1 rows
INFO:root:Members synced: 1 rows
2026-05-26 20:50:04 [INFO] Sync complete
2026-05-26 20:50:04 [INFO] Sync complete
2026-05-26 20:55:01 [INFO] Sync started
2026-05-26 20:55:01 [INFO] Sync started
INFO:root:Bookings synced: 1 rows
INFO:root:Bookings synced: 1 rows
INFO:root:Members synced: 1 rows
INFO:root:Members synced: 1 rows
2026-05-26 20:55:04 [INFO] Sync complete
2026-05-26 20:55:04 [INFO] Sync complete
2026-05-26 21:00:02 [INFO] Sync started
2026-05-26 21:00:02 [INFO] Sync started
INFO:root:Bookings synced: 1 rows
INFO:root:Bookings synced: 1 rows
INFO:root:Members synced: 1 rows
INFO:root:Members synced: 1 rows
2026-05-26 21:00:06 [INFO] Sync complete
2026-05-26 21:00:06 [INFO] Sync complete
2026-05-26 21:05:01 [INFO] Sync started
2026-05-26 21:05:01 [INFO] Sync started
INFO:root:Bookings synced: 1 rows
INFO:root:Bookings synced: 1 rows
INFO:root:Members synced: 1 rows
INFO:root:Members synced: 1 rows
2026-05-26 21:05:03 [INFO] Sync complete
2026-05-26 21:05:03 [INFO] Sync complete
2026-05-26 21:10:01 [INFO] Sync started
2026-05-26 21:10:01 [INFO] Sync started
INFO:root:Bookings synced: 1 rows
INFO:root:Bookings synced: 1 rows
INFO:root:Members synced: 1 rows
INFO:root:Members synced: 1 rows
2026-05-26 21:10:04 [INFO] Sync complete
2026-05-26 21:10:04 [INFO] Sync complete
2026-05-26 21:15:01 [INFO] Sync started
2026-05-26 21:15:01 [INFO] Sync started
INFO:root:Bookings synced: 1 rows
INFO:root:Bookings synced: 1 rows
INFO:root:Members synced: 1 rows
INFO:root:Members synced: 1 rows
2026-05-26 21:15:04 [INFO] Sync complete
2026-05-26 21:15:04 [INFO] Sync complete
2026-05-26 21:20:01 [INFO] Sync started
2026-05-26 21:20:01 [INFO] Sync started
INFO:root:Bookings synced: 1 rows
INFO:root:Bookings synced: 1 rows
INFO:root:Members synced: 1 rows
INFO:root:Members synced: 1 rows
2026-05-26 21:20:03 [INFO] Sync complete
2026-05-26 21:20:03 [INFO] Sync complete
2026-05-26 21:25:01 [INFO] Sync started
2026-05-26 21:25:01 [INFO] Sync started
INFO:root:Bookings synced: 1 rows
INFO:root:Bookings synced: 1 rows
INFO:root:Members synced: 1 rows
INFO:root:Members synced: 1 rows
2026-05-26 21:25:04 [INFO] Sync complete
2026-05-26 21:25:04 [INFO] Sync complete
2026-05-26 21:30:01 [INFO] Sync started
2026-05-26 21:30:01 [INFO] Sync started
INFO:root:Bookings synced: 1 rows
INFO:root:Bookings synced: 1 rows
INFO:root:Members synced: 1 rows
INFO:root:Members synced: 1 rows
2026-05-26 21:30:03 [INFO] Sync complete
2026-05-26 21:30:03 [INFO] Sync complete
2026-05-26 21:35:01 [INFO] Sync started
2026-05-26 21:35:01 [INFO] Sync started
INFO:root:Bookings synced: 1 rows
INFO:root:Bookings synced: 1 rows
INFO:root:Members synced: 1 rows
INFO:root:Members synced: 1 rows
2026-05-26 21:35:04 [INFO] Sync complete
2026-05-26 21:35:04 [INFO] Sync complete
2026-05-26 21:40:01 [INFO] Sync started
2026-05-26 21:40:01 [INFO] Sync started
INFO:root:Bookings synced: 1 rows
INFO:root:Bookings synced: 1 rows
INFO:root:Members synced: 1 rows
INFO:root:Members synced: 1 rows
2026-05-26 21:40:04 [INFO] Sync complete
2026-05-26 21:40:04 [INFO] Sync complete
2026-05-26 21:45:02 [INFO] Sync started
2026-05-26 21:45:02 [INFO] Sync started
INFO:root:Bookings synced: 1 rows
INFO:root:Bookings synced: 1 rows
INFO:root:Members synced: 1 rows
INFO:root:Members synced: 1 rows
2026-05-26 21:45:04 [INFO] Sync complete
2026-05-26 21:45:04 [INFO] Sync complete
2026-05-26 21:50:02 [INFO] Sync started
2026-05-26 21:50:02 [INFO] Sync started
INFO:root:Bookings synced: 1 rows
INFO:root:Bookings synced: 1 rows
INFO:root:Members synced: 1 rows
INFO:root:Members synced: 1 rows
2026-05-26 21:50:04 [INFO] Sync complete
2026-05-26 21:50:04 [INFO] Sync complete
2026-05-26 21:55:01 [INFO] Sync started
2026-05-26 21:55:01 [INFO] Sync started
INFO:root:Bookings synced: 1 rows
INFO:root:Bookings synced: 1 rows
INFO:root:Members synced: 1 rows
INFO:root:Members synced: 1 rows
2026-05-26 21:55:04 [INFO] Sync complete
2026-05-26 21:55:04 [INFO] Sync complete
2026-05-26 22:00:02 [INFO] Sync started
2026-05-26 22:00:02 [INFO] Sync started
INFO:root:Bookings synced: 1 rows
INFO:root:Bookings synced: 1 rows
INFO:root:Members synced: 1 rows
INFO:root:Members synced: 1 rows
2026-05-26 22:00:05 [INFO] Sync complete
2026-05-26 22:00:05 [INFO] Sync complete
2026-05-26 22:05:01 [INFO] Sync started
2026-05-26 22:05:01 [INFO] Sync started
INFO:root:Bookings synced: 1 rows
INFO:root:Bookings synced: 1 rows
INFO:root:Members synced: 1 rows
INFO:root:Members synced: 1 rows
2026-05-26 22:05:04 [INFO] Sync complete
2026-05-26 22:05:04 [INFO] Sync complete
2026-05-26 22:10:01 [INFO] Sync started
2026-05-26 22:10:01 [INFO] Sync started
INFO:root:Bookings synced: 1 rows
INFO:root:Bookings synced: 1 rows
INFO:root:Members synced: 1 rows
INFO:root:Members synced: 1 rows
2026-05-26 22:10:05 [INFO] Sync complete
2026-05-26 22:10:05 [INFO] Sync complete
2026-05-26 22:15:01 [INFO] Sync started
2026-05-26 22:15:01 [INFO] Sync started
INFO:root:Bookings synced: 1 rows
INFO:root:Bookings synced: 1 rows
INFO:root:Members synced: 1 rows
INFO:root:Members synced: 1 rows
2026-05-26 22:15:03 [INFO] Sync complete
2026-05-26 22:15:03 [INFO] Sync complete
2026-05-26 22:20:01 [INFO] Sync started
2026-05-26 22:20:01 [INFO] Sync started
INFO:root:Bookings synced: 1 rows
INFO:root:Bookings synced: 1 rows
INFO:root:Members synced: 1 rows
INFO:root:Members synced: 1 rows
2026-05-26 22:20:03 [INFO] Sync complete
2026-05-26 22:20:03 [INFO] Sync complete
2026-05-26 22:25:01 [INFO] Sync started
2026-05-26 22:25:01 [INFO] Sync started
INFO:root:Bookings synced: 1 rows
INFO:root:Bookings synced: 1 rows
INFO:root:Members synced: 1 rows
INFO:root:Members synced: 1 rows
2026-05-26 22:25:04 [INFO] Sync complete
2026-05-26 22:25:04 [INFO] Sync complete
2026-05-26 22:30:02 [INFO] Sync started
2026-05-26 22:30:02 [INFO] Sync started
INFO:root:Bookings synced: 1 rows
INFO:root:Bookings synced: 1 rows
INFO:root:Members synced: 1 rows
INFO:root:Members synced: 1 rows
2026-05-26 22:30:05 [INFO] Sync complete
2026-05-26 22:30:05 [INFO] Sync complete
2026-05-26 22:35:01 [INFO] Sync started
2026-05-26 22:35:01 [INFO] Sync started
INFO:root:Bookings synced: 1 rows
INFO:root:Bookings synced: 1 rows
INFO:root:Members synced: 1 rows
INFO:root:Members synced: 1 rows
2026-05-26 22:35:04 [INFO] Sync complete
2026-05-26 22:35:04 [INFO] Sync complete
2026-05-26 22:40:01 [INFO] Sync started
2026-05-26 22:40:01 [INFO] Sync started
INFO:root:Bookings synced: 1 rows
INFO:root:Bookings synced: 1 rows
INFO:root:Members synced: 1 rows
INFO:root:Members synced: 1 rows
2026-05-26 22:40:04 [INFO] Sync complete
2026-05-26 22:40:04 [INFO] Sync complete
2026-05-26 22:45:01 [INFO] Sync started
2026-05-26 22:45:01 [INFO] Sync started
INFO:root:Bookings synced: 1 rows
INFO:root:Bookings synced: 1 rows
INFO:root:Members synced: 1 rows
INFO:root:Members synced: 1 rows
2026-05-26 22:45:04 [INFO] Sync complete
2026-05-26 22:45:04 [INFO] Sync complete
2026-05-26 22:50:01 [INFO] Sync started
2026-05-26 22:50:01 [INFO] Sync started
INFO:root:Bookings synced: 1 rows
INFO:root:Bookings synced: 1 rows
INFO:root:Members synced: 1 rows
INFO:root:Members synced: 1 rows
2026-05-26 22:50:05 [INFO] Sync complete
2026-05-26 22:50:05 [INFO] Sync complete
2026-05-26 22:55:01 [INFO] Sync started
2026-05-26 22:55:01 [INFO] Sync started
Traceback (most recent call last):
  File "<string>", line 22, in <module>
  File "/usr/local/lib/python3.12/dist-packages/gspread/client.py", line 174, in open_by_key
    raise ex
  File "/usr/local/lib/python3.12/dist-packages/gspread/client.py", line 168, in open_by_key
    spreadsheet = Spreadsheet(self.http_client, {"id": key})
                  ^^^^^^^^^^^^^^^^^^^^^^^^^^^^^^^^^^^^^^^^^^
  File "/usr/local/lib/python3.12/dist-packages/gspread/spreadsheet.py", line 29, in __init__
    metadata = self.fetch_sheet_metadata()
               ^^^^^^^^^^^^^^^^^^^^^^^^^^^
  File "/usr/local/lib/python3.12/dist-packages/gspread/spreadsheet.py", line 230, in fetch_sheet_metadata
    return self.client.fetch_sheet_metadata(self.id, params=params)
           ^^^^^^^^^^^^^^^^^^^^^^^^^^^^^^^^^^^^^^^^^^^^^^^^^^^^^^^^
  File "/usr/local/lib/python3.12/dist-packages/gspread/http_client.py", line 305, in fetch_sheet_metadata
    r = self.request("get", url, params=params)
Traceback (most recent call last):
  File "<string>", line 22, in <module>
  File "/usr/local/lib/python3.12/dist-packages/gspread/client.py", line 174, in open_by_key
    raise ex
  File "/usr/local/lib/python3.12/dist-packages/gspread/client.py", line 168, in open_by_key
    spreadsheet = Spreadsheet(self.http_client, {"id": key})
                  ^^^^^^^^^^^^^^^^^^^^^^^^^^^^^^^^^^^^^^^^^^
  File "/usr/local/lib/python3.12/dist-packages/gspread/spreadsheet.py", line 29, in __init__
    metadata = self.fetch_sheet_metadata()
               ^^^^^^^^^^^^^^^^^^^^^^^^^^^
  File "/usr/local/lib/python3.12/dist-packages/gspread/spreadsheet.py", line 230, in fetch_sheet_metadata
    return self.client.fetch_sheet_metadata(self.id, params=params)
           ^^^^^^^^^^^^^^^^^^^^^^^^^^^^^^^^^^^^^^^^^^^^^^^^^^^^^^^^
  File "/usr/local/lib/python3.12/dist-packages/gspread/http_client.py", line 305, in fetch_sheet_metadata
    r = self.request("get", url, params=params)
        ^^^^^^^^^^^^^^^^^^^^^^^^^^^^^^^^^^^^^^^
        ^^^^^^^^^^^^^^^^^^^^^^^^^^^^^^^^^^^^^^^
  File "/usr/local/lib/python3.12/dist-packages/gspread/http_client.py", line 128, in request
  File "/usr/local/lib/python3.12/dist-packages/gspread/http_client.py", line 128, in request
    raise APIError(response)
    raise APIError(response)
gspread.exceptions.APIError: APIError: [429]: Quota exceeded for quota metric 'Read requests' and limit 'Read requests per minute per user' of service 'sheets.googleapis.com' for consumer 'project_number:708801534021'.
gspread.exceptions.APIError: APIError: [429]: Quota exceeded for quota metric 'Read requests' and limit 'Read requests per minute per user' of service 'sheets.googleapis.com' for consumer 'project_number:708801534021'.
2026-05-26 22:55:02 [INFO] Sync complete
2026-05-26 22:55:02 [INFO] Sync complete
2026-05-26 23:00:01 [INFO] Sync started
2026-05-26 23:00:01 [INFO] Sync started
INFO:root:Bookings synced: 1 rows
INFO:root:Bookings synced: 1 rows
INFO:root:Members synced: 1 rows
INFO:root:Members synced: 1 rows
2026-05-26 23:00:04 [INFO] Sync complete
2026-05-26 23:00:04 [INFO] Sync complete
2026-05-26 23:05:01 [INFO] Sync started
2026-05-26 23:05:01 [INFO] Sync started
INFO:root:Bookings synced: 1 rows
INFO:root:Bookings synced: 1 rows
INFO:root:Members synced: 1 rows
INFO:root:Members synced: 1 rows
2026-05-26 23:05:04 [INFO] Sync complete
2026-05-26 23:05:04 [INFO] Sync complete
2026-05-26 23:10:01 [INFO] Sync started
2026-05-26 23:10:01 [INFO] Sync started
INFO:root:Bookings synced: 1 rows
INFO:root:Bookings synced: 1 rows
INFO:root:Members synced: 1 rows
INFO:root:Members synced: 1 rows
2026-05-26 23:10:05 [INFO] Sync complete
2026-05-26 23:10:05 [INFO] Sync complete
2026-05-26 23:15:01 [INFO] Sync started
2026-05-26 23:15:01 [INFO] Sync started
INFO:root:Bookings synced: 1 rows
INFO:root:Bookings synced: 1 rows
INFO:root:Members synced: 1 rows
INFO:root:Members synced: 1 rows
2026-05-26 23:15:03 [INFO] Sync complete
2026-05-26 23:15:03 [INFO] Sync complete
2026-05-26 23:20:02 [INFO] Sync started
2026-05-26 23:20:02 [INFO] Sync started
INFO:root:Bookings synced: 1 rows
INFO:root:Bookings synced: 1 rows
INFO:root:Members synced: 1 rows
INFO:root:Members synced: 1 rows
2026-05-26 23:20:04 [INFO] Sync complete
2026-05-26 23:20:04 [INFO] Sync complete
2026-05-26 23:25:01 [INFO] Sync started
2026-05-26 23:25:01 [INFO] Sync started
INFO:root:Bookings synced: 1 rows
INFO:root:Bookings synced: 1 rows
INFO:root:Members synced: 1 rows
INFO:root:Members synced: 1 rows
2026-05-26 23:25:04 [INFO] Sync complete
2026-05-26 23:25:04 [INFO] Sync complete
2026-05-26 23:30:01 [INFO] Sync started
2026-05-26 23:30:01 [INFO] Sync started
INFO:root:Bookings synced: 1 rows
INFO:root:Bookings synced: 1 rows
INFO:root:Members synced: 1 rows
INFO:root:Members synced: 1 rows
2026-05-26 23:30:04 [INFO] Sync complete
2026-05-26 23:30:04 [INFO] Sync complete
2026-05-26 23:35:01 [INFO] Sync started
2026-05-26 23:35:01 [INFO] Sync started
INFO:root:Bookings synced: 1 rows
INFO:root:Bookings synced: 1 rows
INFO:root:Members synced: 1 rows
INFO:root:Members synced: 1 rows
2026-05-26 23:35:04 [INFO] Sync complete
2026-05-26 23:35:04 [INFO] Sync complete
